This is pdfTeX, Version 3.141592653-2.6-1.40.25 (MiKTeX 23.4) (preloaded format=pdflatex 2023.5.28)  1 JUN 2023 17:12
entering extended mode
 restricted \write18 enabled.
 %&-line parsing enabled.
**./lbft-verification.tex
(lbft-verification.tex
LaTeX2e <2022-06-01> patch level 5
L3 programming layer <2022-09-28>
(/home/stevekeol/.miktex/texmfs/install/tex/latex/base/article.cls
Document Class: article 2021/10/04 v1.4n Standard LaTeX document class
(/home/stevekeol/.miktex/texmfs/install/tex/latex/base/size10.clo
File: size10.clo 2021/10/04 v1.4n Standard LaTeX file (size option)
)
\c@part=\count185
\c@section=\count186
\c@subsection=\count187
\c@subsubsection=\count188
\c@paragraph=\count189
\c@subparagraph=\count190
\c@figure=\count191
\c@table=\count192
\abovecaptionskip=\skip47
\belowcaptionskip=\skip48
\bibindent=\dimen138
)
(/home/stevekeol/.miktex/texmfs/install/tex/latex/preprint/fullpage.sty
Package: fullpage 1999/02/23 1.1 (PWD)
\FP@margin=\skip49
)
(/home/stevekeol/.miktex/texmfs/install/tex/latex/preprint/authblk.sty
Package: authblk 2001/02/27 1.3 (PWD)
\affilsep=\skip50
\@affilsep=\skip51
\c@Maxaffil=\count193
\c@authors=\count194
\c@affil=\count195
)
(/home/stevekeol/.miktex/texmfs/install/tex/latex/abstract/abstract.sty
Package: abstract 2009/06/08 v1.2a configurable abstracts
\abstitleskip=\skip52
\absleftindent=\skip53
\absrightindent=\skip54
\absparindent=\skip55
\absparsep=\skip56
)
(/home/stevekeol/.miktex/texmfs/install/tex/latex/appendix/appendix.sty
Package: appendix 2020/02/08 v1.2c extra appendix facilities
\c@@pps=\count196
\c@@ppsavesec=\count197
\c@@ppsaveapp=\count198
)
(/home/stevekeol/.miktex/texmfs/install/tex/latex/caption/subcaption.sty
Package: subcaption 2022/01/07 v1.5 Sub-captions (AR)

(/home/stevekeol/.miktex/texmfs/install/tex/latex/caption/caption.sty
Package: caption 2022/03/01 v3.6b Customizing captions (AR)

(/home/stevekeol/.miktex/texmfs/install/tex/latex/caption/caption3.sty
Package: caption3 2022/03/17 v2.3b caption3 kernel (AR)

(/home/stevekeol/.miktex/texmfs/install/tex/latex/graphics/keyval.sty
Package: keyval 2022/05/29 v1.15 key=value parser (DPC)
\KV@toks@=\toks16
)
\caption@tempdima=\dimen139
\captionmargin=\dimen140
\caption@leftmargin=\dimen141
\caption@rightmargin=\dimen142
\caption@width=\dimen143
\caption@indent=\dimen144
\caption@parindent=\dimen145
\caption@hangindent=\dimen146
Package caption Info: Standard document class detected.
)
\c@caption@flags=\count199
\c@continuedfloat=\count266
)
\c@subfigure=\count267
\c@subtable=\count268
)
(/home/stevekeol/.miktex/texmfs/install/tex/latex/tools/xspace.sty
Package: xspace 2014/10/28 v1.13 Space after command names (DPC,MH)
)
(/home/stevekeol/.miktex/texmfs/install/tex/latex/graphics/graphicx.sty
Package: graphicx 2021/09/16 v1.2d Enhanced LaTeX Graphics (DPC,SPQR)

(/home/stevekeol/.miktex/texmfs/install/tex/latex/graphics/graphics.sty
Package: graphics 2022/03/10 v1.4e Standard LaTeX Graphics (DPC,SPQR)

(/home/stevekeol/.miktex/texmfs/install/tex/latex/graphics/trig.sty
Package: trig 2021/08/11 v1.11 sin cos tan (DPC)
)
(/home/stevekeol/.miktex/texmfs/install/tex/latex/graphics-cfg/graphics.cfg
File: graphics.cfg 2016/06/04 v1.11 sample graphics configuration
)
Package graphics Info: Driver file: pdftex.def on input line 107.

(/home/stevekeol/.miktex/texmfs/install/tex/latex/graphics-def/pdftex.def
File: pdftex.def 2022/09/22 v1.2b Graphics/color driver for pdftex
\stockwidth=\dimen147
\stockheight=\dimen148
))
\Gin@req@height=\dimen149
\Gin@req@width=\dimen150
)
(/home/stevekeol/.miktex/texmfs/install/tex/latex/amsmath/amsmath.sty
Package: amsmath 2022/04/08 v2.17n AMS math features
\@mathmargin=\skip57

For additional information on amsmath, use the `?' option.
(/home/stevekeol/.miktex/texmfs/install/tex/latex/amsmath/amstext.sty
Package: amstext 2021/08/26 v2.01 AMS text

(/home/stevekeol/.miktex/texmfs/install/tex/latex/amsmath/amsgen.sty
File: amsgen.sty 1999/11/30 v2.0 generic functions
\@emptytoks=\toks17
\ex@=\dimen151
))
(/home/stevekeol/.miktex/texmfs/install/tex/latex/amsmath/amsbsy.sty
Package: amsbsy 1999/11/29 v1.2d Bold Symbols
\pmbraise@=\dimen152
)
(/home/stevekeol/.miktex/texmfs/install/tex/latex/amsmath/amsopn.sty
Package: amsopn 2022/04/08 v2.04 operator names
)
\inf@bad=\count269
LaTeX Info: Redefining \frac on input line 234.
\uproot@=\count270
\leftroot@=\count271
LaTeX Info: Redefining \overline on input line 399.
LaTeX Info: Redefining \colon on input line 410.
\classnum@=\count272
\DOTSCASE@=\count273
LaTeX Info: Redefining \ldots on input line 496.
LaTeX Info: Redefining \dots on input line 499.
LaTeX Info: Redefining \cdots on input line 620.
\Mathstrutbox@=\box51
\strutbox@=\box52
LaTeX Info: Redefining \big on input line 722.
LaTeX Info: Redefining \Big on input line 723.
LaTeX Info: Redefining \bigg on input line 724.
LaTeX Info: Redefining \Bigg on input line 725.
\big@size=\dimen153
LaTeX Font Info:    Redeclaring font encoding OML on input line 743.
LaTeX Font Info:    Redeclaring font encoding OMS on input line 744.
\macc@depth=\count274
LaTeX Info: Redefining \bmod on input line 905.
LaTeX Info: Redefining \pmod on input line 910.
LaTeX Info: Redefining \smash on input line 940.
LaTeX Info: Redefining \relbar on input line 970.
LaTeX Info: Redefining \Relbar on input line 971.
\c@MaxMatrixCols=\count275
\dotsspace@=\muskip16
\c@parentequation=\count276
\dspbrk@lvl=\count277
\tag@help=\toks18
\row@=\count278
\column@=\count279
\maxfields@=\count280
\andhelp@=\toks19
\eqnshift@=\dimen154
\alignsep@=\dimen155
\tagshift@=\dimen156
\tagwidth@=\dimen157
\totwidth@=\dimen158
\lineht@=\dimen159
\@envbody=\toks20
\multlinegap=\skip58
\multlinetaggap=\skip59
\mathdisplay@stack=\toks21
LaTeX Info: Redefining \[ on input line 2953.
LaTeX Info: Redefining \] on input line 2954.
)
(/home/stevekeol/.miktex/texmfs/install/tex/latex/amsfonts/amssymb.sty
Package: amssymb 2013/01/14 v3.01 AMS font symbols

(/home/stevekeol/.miktex/texmfs/install/tex/latex/amsfonts/amsfonts.sty
Package: amsfonts 2013/01/14 v3.01 Basic AMSFonts support
\symAMSa=\mathgroup4
\symAMSb=\mathgroup5
LaTeX Font Info:    Redeclaring math symbol \hbar on input line 98.
LaTeX Font Info:    Overwriting math alphabet `\mathfrak' in version `bold'
(Font)                  U/euf/m/n --> U/euf/b/n on input line 106.
))
(/home/stevekeol/.miktex/texmfs/install/tex/latex/xcolor/xcolor.sty
Package: xcolor 2022/06/12 v2.14 LaTeX color extensions (UK)

(/home/stevekeol/.miktex/texmfs/install/tex/latex/graphics-cfg/color.cfg
File: color.cfg 2016/01/02 v1.6 sample color configuration
)
Package xcolor Info: Driver file: pdftex.def on input line 227.

(/home/stevekeol/.miktex/texmfs/install/tex/latex/graphics/mathcolor.ltx)
Package xcolor Info: Model `cmy' substituted by `cmy0' on input line 1353.
Package xcolor Info: Model `hsb' substituted by `rgb' on input line 1357.
Package xcolor Info: Model `RGB' extended on input line 1369.
Package xcolor Info: Model `HTML' substituted by `rgb' on input line 1371.
Package xcolor Info: Model `Hsb' substituted by `hsb' on input line 1372.
Package xcolor Info: Model `tHsb' substituted by `hsb' on input line 1373.
Package xcolor Info: Model `HSB' substituted by `hsb' on input line 1374.
Package xcolor Info: Model `Gray' substituted by `gray' on input line 1375.
Package xcolor Info: Model `wave' substituted by `hsb' on input line 1376.
)
(/home/stevekeol/.miktex/texmfs/install/tex/latex/url/url.sty
\Urlmuskip=\muskip17
Package: url 2013/09/16  ver 3.4  Verb mode for urls, etc.
)
(/home/stevekeol/.miktex/texmfs/install/tex/latex/hyphenat/hyphenat.sty
Package: hyphenat 2009/09/02 v2.3c hyphenation utilities


Package hyphenat Warning: *******************************
(hyphenat)                * You have used the htt option.
(hyphenat)                * You are likely to get many Font Warning messages.
(hyphenat)                * These can usually be ignored.
(hyphenat)                *******************************.

\langwohyphens=\language1
LaTeX Info: Redefining \_ on input line 43.
) (/home/stevekeol/.miktex/texmfs/install/tex/latex/pgfplots/pgfplots.sty
(/home/stevekeol/.miktex/texmfs/install/tex/generic/pgfplots/pgfplots.revision.
tex)
Package: pgfplots 2021/05/15 v1.18.1 Data Visualization (1.18.1)

(/home/stevekeol/.miktex/texmfs/install/tex/latex/pgf/frontendlayer/tikz.sty
(/home/stevekeol/.miktex/texmfs/install/tex/latex/pgf/basiclayer/pgf.sty
(/home/stevekeol/.miktex/texmfs/install/tex/latex/pgf/utilities/pgfrcs.sty
(/home/stevekeol/.miktex/texmfs/install/tex/generic/pgf/utilities/pgfutil-commo
n.tex
\pgfutil@everybye=\toks22
\pgfutil@tempdima=\dimen160
\pgfutil@tempdimb=\dimen161

(/home/stevekeol/.miktex/texmfs/install/tex/generic/pgf/utilities/pgfutil-commo
n-lists.tex))
(/home/stevekeol/.miktex/texmfs/install/tex/generic/pgf/utilities/pgfutil-latex
.def
\pgfutil@abb=\box53
)
(/home/stevekeol/.miktex/texmfs/install/tex/generic/pgf/utilities/pgfrcs.code.t
ex (/home/stevekeol/.miktex/texmfs/install/tex/generic/pgf/pgf.revision.tex)
Package: pgfrcs 2021/05/15 v3.1.9a (3.1.9a)
))
Package: pgf 2021/05/15 v3.1.9a (3.1.9a)

(/home/stevekeol/.miktex/texmfs/install/tex/latex/pgf/basiclayer/pgfcore.sty
(/home/stevekeol/.miktex/texmfs/install/tex/latex/pgf/systemlayer/pgfsys.sty
(/home/stevekeol/.miktex/texmfs/install/tex/generic/pgf/systemlayer/pgfsys.code
.tex
Package: pgfsys 2021/05/15 v3.1.9a (3.1.9a)

(/home/stevekeol/.miktex/texmfs/install/tex/generic/pgf/utilities/pgfkeys.code.
tex
\pgfkeys@pathtoks=\toks23
\pgfkeys@temptoks=\toks24

(/home/stevekeol/.miktex/texmfs/install/tex/generic/pgf/utilities/pgfkeysfilter
ed.code.tex
\pgfkeys@tmptoks=\toks25
))
\pgf@x=\dimen162
\pgf@y=\dimen163
\pgf@xa=\dimen164
\pgf@ya=\dimen165
\pgf@xb=\dimen166
\pgf@yb=\dimen167
\pgf@xc=\dimen168
\pgf@yc=\dimen169
\pgf@xd=\dimen170
\pgf@yd=\dimen171
\w@pgf@writea=\write3
\r@pgf@reada=\read2
\c@pgf@counta=\count281
\c@pgf@countb=\count282
\c@pgf@countc=\count283
\c@pgf@countd=\count284
\t@pgf@toka=\toks26
\t@pgf@tokb=\toks27
\t@pgf@tokc=\toks28
\pgf@sys@id@count=\count285

(/home/stevekeol/.miktex/texmfs/install/tex/generic/pgf/systemlayer/pgf.cfg
File: pgf.cfg 2021/05/15 v3.1.9a (3.1.9a)
)
Driver file for pgf: pgfsys-pdftex.def

(/home/stevekeol/.miktex/texmfs/install/tex/generic/pgf/systemlayer/pgfsys-pdft
ex.def
File: pgfsys-pdftex.def 2021/05/15 v3.1.9a (3.1.9a)

(/home/stevekeol/.miktex/texmfs/install/tex/generic/pgf/systemlayer/pgfsys-comm
on-pdf.def
File: pgfsys-common-pdf.def 2021/05/15 v3.1.9a (3.1.9a)
)))
(/home/stevekeol/.miktex/texmfs/install/tex/generic/pgf/systemlayer/pgfsyssoftp
ath.code.tex
File: pgfsyssoftpath.code.tex 2021/05/15 v3.1.9a (3.1.9a)
\pgfsyssoftpath@smallbuffer@items=\count286
\pgfsyssoftpath@bigbuffer@items=\count287
)
(/home/stevekeol/.miktex/texmfs/install/tex/generic/pgf/systemlayer/pgfsysproto
col.code.tex
File: pgfsysprotocol.code.tex 2021/05/15 v3.1.9a (3.1.9a)
))
(/home/stevekeol/.miktex/texmfs/install/tex/generic/pgf/basiclayer/pgfcore.code
.tex
Package: pgfcore 2021/05/15 v3.1.9a (3.1.9a)

(/home/stevekeol/.miktex/texmfs/install/tex/generic/pgf/math/pgfmath.code.tex
(/home/stevekeol/.miktex/texmfs/install/tex/generic/pgf/math/pgfmathcalc.code.t
ex
(/home/stevekeol/.miktex/texmfs/install/tex/generic/pgf/math/pgfmathutil.code.t
ex)
(/home/stevekeol/.miktex/texmfs/install/tex/generic/pgf/math/pgfmathparser.code
.tex
\pgfmath@dimen=\dimen172
\pgfmath@count=\count288
\pgfmath@box=\box54
\pgfmath@toks=\toks29
\pgfmath@stack@operand=\toks30
\pgfmath@stack@operation=\toks31
)
(/home/stevekeol/.miktex/texmfs/install/tex/generic/pgf/math/pgfmathfunctions.c
ode.tex
(/home/stevekeol/.miktex/texmfs/install/tex/generic/pgf/math/pgfmathfunctions.b
asic.code.tex)
(/home/stevekeol/.miktex/texmfs/install/tex/generic/pgf/math/pgfmathfunctions.t
rigonometric.code.tex)
(/home/stevekeol/.miktex/texmfs/install/tex/generic/pgf/math/pgfmathfunctions.r
andom.code.tex)
(/home/stevekeol/.miktex/texmfs/install/tex/generic/pgf/math/pgfmathfunctions.c
omparison.code.tex)
(/home/stevekeol/.miktex/texmfs/install/tex/generic/pgf/math/pgfmathfunctions.b
ase.code.tex)
(/home/stevekeol/.miktex/texmfs/install/tex/generic/pgf/math/pgfmathfunctions.r
ound.code.tex)
(/home/stevekeol/.miktex/texmfs/install/tex/generic/pgf/math/pgfmathfunctions.m
isc.code.tex)
(/home/stevekeol/.miktex/texmfs/install/tex/generic/pgf/math/pgfmathfunctions.i
ntegerarithmetics.code.tex)))
(/home/stevekeol/.miktex/texmfs/install/tex/generic/pgf/math/pgfmathfloat.code.
tex
\c@pgfmathroundto@lastzeros=\count289
))
(/home/stevekeol/.miktex/texmfs/install/tex/generic/pgf/math/pgfint.code.tex)
(/home/stevekeol/.miktex/texmfs/install/tex/generic/pgf/basiclayer/pgfcorepoint
s.code.tex
File: pgfcorepoints.code.tex 2021/05/15 v3.1.9a (3.1.9a)
\pgf@picminx=\dimen173
\pgf@picmaxx=\dimen174
\pgf@picminy=\dimen175
\pgf@picmaxy=\dimen176
\pgf@pathminx=\dimen177
\pgf@pathmaxx=\dimen178
\pgf@pathminy=\dimen179
\pgf@pathmaxy=\dimen180
\pgf@xx=\dimen181
\pgf@xy=\dimen182
\pgf@yx=\dimen183
\pgf@yy=\dimen184
\pgf@zx=\dimen185
\pgf@zy=\dimen186
)
(/home/stevekeol/.miktex/texmfs/install/tex/generic/pgf/basiclayer/pgfcorepathc
onstruct.code.tex
File: pgfcorepathconstruct.code.tex 2021/05/15 v3.1.9a (3.1.9a)
\pgf@path@lastx=\dimen187
\pgf@path@lasty=\dimen188
)
(/home/stevekeol/.miktex/texmfs/install/tex/generic/pgf/basiclayer/pgfcorepathu
sage.code.tex
File: pgfcorepathusage.code.tex 2021/05/15 v3.1.9a (3.1.9a)
\pgf@shorten@end@additional=\dimen189
\pgf@shorten@start@additional=\dimen190
)
(/home/stevekeol/.miktex/texmfs/install/tex/generic/pgf/basiclayer/pgfcorescope
s.code.tex
File: pgfcorescopes.code.tex 2021/05/15 v3.1.9a (3.1.9a)
\pgfpic=\box55
\pgf@hbox=\box56
\pgf@layerbox@main=\box57
\pgf@picture@serial@count=\count290
)
(/home/stevekeol/.miktex/texmfs/install/tex/generic/pgf/basiclayer/pgfcoregraph
icstate.code.tex
File: pgfcoregraphicstate.code.tex 2021/05/15 v3.1.9a (3.1.9a)
\pgflinewidth=\dimen191
)
(/home/stevekeol/.miktex/texmfs/install/tex/generic/pgf/basiclayer/pgfcoretrans
formations.code.tex
File: pgfcoretransformations.code.tex 2021/05/15 v3.1.9a (3.1.9a)
\pgf@pt@x=\dimen192
\pgf@pt@y=\dimen193
\pgf@pt@temp=\dimen194
)
(/home/stevekeol/.miktex/texmfs/install/tex/generic/pgf/basiclayer/pgfcorequick
.code.tex
File: pgfcorequick.code.tex 2021/05/15 v3.1.9a (3.1.9a)
)
(/home/stevekeol/.miktex/texmfs/install/tex/generic/pgf/basiclayer/pgfcoreobjec
ts.code.tex
File: pgfcoreobjects.code.tex 2021/05/15 v3.1.9a (3.1.9a)
)
(/home/stevekeol/.miktex/texmfs/install/tex/generic/pgf/basiclayer/pgfcorepathp
rocessing.code.tex
File: pgfcorepathprocessing.code.tex 2021/05/15 v3.1.9a (3.1.9a)
)
(/home/stevekeol/.miktex/texmfs/install/tex/generic/pgf/basiclayer/pgfcorearrow
s.code.tex
File: pgfcorearrows.code.tex 2021/05/15 v3.1.9a (3.1.9a)
\pgfarrowsep=\dimen195
)
(/home/stevekeol/.miktex/texmfs/install/tex/generic/pgf/basiclayer/pgfcoreshade
.code.tex
File: pgfcoreshade.code.tex 2021/05/15 v3.1.9a (3.1.9a)
\pgf@max=\dimen196
\pgf@sys@shading@range@num=\count291
\pgf@shadingcount=\count292
)
(/home/stevekeol/.miktex/texmfs/install/tex/generic/pgf/basiclayer/pgfcoreimage
.code.tex
File: pgfcoreimage.code.tex 2021/05/15 v3.1.9a (3.1.9a)

(/home/stevekeol/.miktex/texmfs/install/tex/generic/pgf/basiclayer/pgfcoreexter
nal.code.tex
File: pgfcoreexternal.code.tex 2021/05/15 v3.1.9a (3.1.9a)
\pgfexternal@startupbox=\box58
))
(/home/stevekeol/.miktex/texmfs/install/tex/generic/pgf/basiclayer/pgfcorelayer
s.code.tex
File: pgfcorelayers.code.tex 2021/05/15 v3.1.9a (3.1.9a)
)
(/home/stevekeol/.miktex/texmfs/install/tex/generic/pgf/basiclayer/pgfcoretrans
parency.code.tex
File: pgfcoretransparency.code.tex 2021/05/15 v3.1.9a (3.1.9a)
)
(/home/stevekeol/.miktex/texmfs/install/tex/generic/pgf/basiclayer/pgfcorepatte
rns.code.tex
File: pgfcorepatterns.code.tex 2021/05/15 v3.1.9a (3.1.9a)
)
(/home/stevekeol/.miktex/texmfs/install/tex/generic/pgf/basiclayer/pgfcorerdf.c
ode.tex
File: pgfcorerdf.code.tex 2021/05/15 v3.1.9a (3.1.9a)
)))
(/home/stevekeol/.miktex/texmfs/install/tex/generic/pgf/modules/pgfmoduleshapes
.code.tex
File: pgfmoduleshapes.code.tex 2021/05/15 v3.1.9a (3.1.9a)
\pgfnodeparttextbox=\box59
)
(/home/stevekeol/.miktex/texmfs/install/tex/generic/pgf/modules/pgfmoduleplot.c
ode.tex
File: pgfmoduleplot.code.tex 2021/05/15 v3.1.9a (3.1.9a)
)
(/home/stevekeol/.miktex/texmfs/install/tex/latex/pgf/compatibility/pgfcomp-ver
sion-0-65.sty
Package: pgfcomp-version-0-65 2021/05/15 v3.1.9a (3.1.9a)
\pgf@nodesepstart=\dimen197
\pgf@nodesepend=\dimen198
)
(/home/stevekeol/.miktex/texmfs/install/tex/latex/pgf/compatibility/pgfcomp-ver
sion-1-18.sty
Package: pgfcomp-version-1-18 2021/05/15 v3.1.9a (3.1.9a)
))
(/home/stevekeol/.miktex/texmfs/install/tex/latex/pgf/utilities/pgffor.sty
(/home/stevekeol/.miktex/texmfs/install/tex/latex/pgf/utilities/pgfkeys.sty
(/home/stevekeol/.miktex/texmfs/install/tex/generic/pgf/utilities/pgfkeys.code.
tex)) (/home/stevekeol/.miktex/texmfs/install/tex/latex/pgf/math/pgfmath.sty
(/home/stevekeol/.miktex/texmfs/install/tex/generic/pgf/math/pgfmath.code.tex))

(/home/stevekeol/.miktex/texmfs/install/tex/generic/pgf/utilities/pgffor.code.t
ex
Package: pgffor 2021/05/15 v3.1.9a (3.1.9a)

(/home/stevekeol/.miktex/texmfs/install/tex/generic/pgf/math/pgfmath.code.tex)
\pgffor@iter=\dimen199
\pgffor@skip=\dimen256
\pgffor@stack=\toks32
\pgffor@toks=\toks33
))
(/home/stevekeol/.miktex/texmfs/install/tex/generic/pgf/frontendlayer/tikz/tikz
.code.tex
Package: tikz 2021/05/15 v3.1.9a (3.1.9a)

(/home/stevekeol/.miktex/texmfs/install/tex/generic/pgf/libraries/pgflibraryplo
thandlers.code.tex
File: pgflibraryplothandlers.code.tex 2021/05/15 v3.1.9a (3.1.9a)
\pgf@plot@mark@count=\count293
\pgfplotmarksize=\dimen257
)
\tikz@lastx=\dimen258
\tikz@lasty=\dimen259
\tikz@lastxsaved=\dimen260
\tikz@lastysaved=\dimen261
\tikz@lastmovetox=\dimen262
\tikz@lastmovetoy=\dimen263
\tikzleveldistance=\dimen264
\tikzsiblingdistance=\dimen265
\tikz@figbox=\box60
\tikz@figbox@bg=\box61
\tikz@tempbox=\box62
\tikz@tempbox@bg=\box63
\tikztreelevel=\count294
\tikznumberofchildren=\count295
\tikznumberofcurrentchild=\count296
\tikz@fig@count=\count297

(/home/stevekeol/.miktex/texmfs/install/tex/generic/pgf/modules/pgfmodulematrix
.code.tex
File: pgfmodulematrix.code.tex 2021/05/15 v3.1.9a (3.1.9a)
\pgfmatrixcurrentrow=\count298
\pgfmatrixcurrentcolumn=\count299
\pgf@matrix@numberofcolumns=\count300
)
\tikz@expandcount=\count301

(/home/stevekeol/.miktex/texmfs/install/tex/generic/pgf/frontendlayer/tikz/libr
aries/tikzlibrarytopaths.code.tex
File: tikzlibrarytopaths.code.tex 2021/05/15 v3.1.9a (3.1.9a)
)))
(/home/stevekeol/.miktex/texmfs/install/tex/generic/pgfplots/pgfplots.code.tex
(/home/stevekeol/.miktex/texmfs/install/tex/generic/pgfplots/pgfplotscore.code.
tex
\t@pgfplots@toka=\toks34
\t@pgfplots@tokb=\toks35
\t@pgfplots@tokc=\toks36
\pgfplots@tmpa=\dimen266
\c@pgfplots@coordindex=\count302
\c@pgfplots@scanlineindex=\count303

(/home/stevekeol/.miktex/texmfs/install/tex/generic/pgfplots/sys/pgfplotssysgen
eric.code.tex))
(/home/stevekeol/.miktex/texmfs/install/tex/generic/pgfplots/libs/pgfplotslibra
ry.code.tex)
(/home/stevekeol/.miktex/texmfs/install/tex/generic/pgfplots/oldpgfcompatib/pgf
plotsoldpgfsupp_loader.code.tex
(/home/stevekeol/.miktex/texmfs/install/tex/generic/pgf/libraries/pgflibraryfpu
.code.tex))
(/home/stevekeol/.miktex/texmfs/install/tex/generic/pgfplots/util/pgfplotsutil.
code.tex
(/home/stevekeol/.miktex/texmfs/install/tex/generic/pgfplots/liststructure/pgfp
lotsliststructure.code.tex)
(/home/stevekeol/.miktex/texmfs/install/tex/generic/pgfplots/liststructure/pgfp
lotsliststructureext.code.tex)
(/home/stevekeol/.miktex/texmfs/install/tex/generic/pgfplots/liststructure/pgfp
lotsarray.code.tex
\c@pgfplotsarray@tmp=\count304
)
(/home/stevekeol/.miktex/texmfs/install/tex/generic/pgfplots/liststructure/pgfp
lotsmatrix.code.tex)
(/home/stevekeol/.miktex/texmfs/install/tex/generic/pgfplots/numtable/pgfplotst
ableshared.code.tex
\c@pgfplotstable@counta=\count305
\t@pgfplotstable@a=\toks37
)
(/home/stevekeol/.miktex/texmfs/install/tex/generic/pgfplots/liststructure/pgfp
lotsdeque.code.tex)
(/home/stevekeol/.miktex/texmfs/install/tex/generic/pgfplots/util/pgfplotsbinar
y.code.tex
(/home/stevekeol/.miktex/texmfs/install/tex/generic/pgfplots/util/pgfplotsbinar
y.data.code.tex))
(/home/stevekeol/.miktex/texmfs/install/tex/generic/pgfplots/util/pgfplotsutil.
verb.code.tex)
(/home/stevekeol/.miktex/texmfs/install/tex/generic/pgfplots/libs/pgflibrarypgf
plots.surfshading.code.tex
\c@pgfplotslibrarysurf@no=\count306

(/home/stevekeol/.miktex/texmfs/install/tex/generic/pgfplots/sys/pgflibrarypgfp
lots.surfshading.pgfsys-pdftex.def)))
(/home/stevekeol/.miktex/texmfs/install/tex/generic/pgfplots/util/pgfplotscolor
map.code.tex
(/home/stevekeol/.miktex/texmfs/install/tex/generic/pgfplots/util/pgfplotscolor
.code.tex))
(/home/stevekeol/.miktex/texmfs/install/tex/generic/pgfplots/pgfplotsstackedplo
ts.code.tex)
(/home/stevekeol/.miktex/texmfs/install/tex/generic/pgfplots/pgfplotsplothandle
rs.code.tex
(/home/stevekeol/.miktex/texmfs/install/tex/generic/pgfplots/pgfplotsmeshplotha
ndler.code.tex
(/home/stevekeol/.miktex/texmfs/install/tex/generic/pgfplots/pgfplotsmeshplotim
age.code.tex)))
(/home/stevekeol/.miktex/texmfs/install/tex/generic/pgfplots/pgfplots.scaling.c
ode.tex)
(/home/stevekeol/.miktex/texmfs/install/tex/generic/pgfplots/pgfplotscoordproce
ssing.code.tex)
(/home/stevekeol/.miktex/texmfs/install/tex/generic/pgfplots/pgfplots.errorbars
.code.tex)
(/home/stevekeol/.miktex/texmfs/install/tex/generic/pgfplots/pgfplots.markers.c
ode.tex)
(/home/stevekeol/.miktex/texmfs/install/tex/generic/pgfplots/pgfplotsticks.code
.tex)
(/home/stevekeol/.miktex/texmfs/install/tex/generic/pgfplots/pgfplots.paths.cod
e.tex)
(/home/stevekeol/.miktex/texmfs/install/tex/generic/pgf/frontendlayer/tikz/libr
aries/tikzlibrarydecorations.code.tex
(/home/stevekeol/.miktex/texmfs/install/tex/generic/pgf/modules/pgfmoduledecora
tions.code.tex
\pgfdecoratedcompleteddistance=\dimen267
\pgfdecoratedremainingdistance=\dimen268
\pgfdecoratedinputsegmentcompleteddistance=\dimen269
\pgfdecoratedinputsegmentremainingdistance=\dimen270
\pgf@decorate@distancetomove=\dimen271
\pgf@decorate@repeatstate=\count307
\pgfdecorationsegmentamplitude=\dimen272
\pgfdecorationsegmentlength=\dimen273
)
\tikz@lib@dec@box=\box64
)
(/home/stevekeol/.miktex/texmfs/install/tex/generic/pgf/frontendlayer/tikz/libr
aries/tikzlibrarydecorations.pathmorphing.code.tex
(/home/stevekeol/.miktex/texmfs/install/tex/generic/pgf/libraries/decorations/p
gflibrarydecorations.pathmorphing.code.tex))
(/home/stevekeol/.miktex/texmfs/install/tex/generic/pgf/frontendlayer/tikz/libr
aries/tikzlibrarydecorations.pathreplacing.code.tex
(/home/stevekeol/.miktex/texmfs/install/tex/generic/pgf/libraries/decorations/p
gflibrarydecorations.pathreplacing.code.tex))
(/home/stevekeol/.miktex/texmfs/install/tex/generic/pgfplots/libs/tikzlibrarypg
fplots.contourlua.code.tex)
\pgfplots@numplots=\count308
\pgfplots@xmin@reg=\dimen274
\pgfplots@xmax@reg=\dimen275
\pgfplots@ymin@reg=\dimen276
\pgfplots@ymax@reg=\dimen277
\pgfplots@zmin@reg=\dimen278
\pgfplots@zmax@reg=\dimen279
)
(/home/stevekeol/.miktex/texmfs/install/tex/generic/pgf/frontendlayer/tikz/libr
aries/tikzlibraryplotmarks.code.tex
File: tikzlibraryplotmarks.code.tex 2021/05/15 v3.1.9a (3.1.9a)

(/home/stevekeol/.miktex/texmfs/install/tex/generic/pgf/libraries/pgflibraryplo
tmarks.code.tex
File: pgflibraryplotmarks.code.tex 2021/05/15 v3.1.9a (3.1.9a)
)))
(/home/stevekeol/.miktex/texmfs/install/tex/generic/pgfplots/libs/tikzlibrarypg
fplots.external.code.tex
(/home/stevekeol/.miktex/texmfs/install/tex/latex/pgf/frontendlayer/libraries/t
ikzlibraryexternal.code.tex
(/home/stevekeol/.miktex/texmfs/install/tex/generic/pdftexcmds/pdftexcmds.sty
Package: pdftexcmds 2020-06-27 v0.33 Utility functions of pdfTeX for LuaTeX (HO
)

(/home/stevekeol/.miktex/texmfs/install/tex/generic/infwarerr/infwarerr.sty
Package: infwarerr 2019/12/03 v1.5 Providing info/warning/error messages (HO)
)
(/home/stevekeol/.miktex/texmfs/install/tex/generic/iftex/iftex.sty
Package: iftex 2022/02/03 v1.0f TeX engine tests
)
(/home/stevekeol/.miktex/texmfs/install/tex/generic/ltxcmds/ltxcmds.sty
Package: ltxcmds 2020-05-10 v1.25 LaTeX kernel commands for general use (HO)
)
Package pdftexcmds Info: \pdf@primitive is available.
Package pdftexcmds Info: \pdf@ifprimitive is available.
Package pdftexcmds Info: \pdfdraftmode found.
)
(/home/stevekeol/.miktex/texmfs/install/tex/latex/base/atveryend-ltx.sty
Package: atveryend-ltx 2020/08/19 v1.0a Emulation of the original atveryend pac
kage
with kernel methods
)
(/home/stevekeol/.miktex/texmfs/install/tex/generic/pgf/frontendlayer/tikz/libr
aries/tikzexternalshared.code.tex)))
\openout3 = `lbft-verification.auxlock'.


(/home/stevekeol/.miktex/texmfs/install/tex/generic/pgf/frontendlayer/tikz/libr
aries/tikzlibrarypositioning.code.tex
File: tikzlibrarypositioning.code.tex 2021/05/15 v3.1.9a (3.1.9a)
)
(/home/stevekeol/.miktex/texmfs/install/tex/generic/pgf/libraries/pgflibraryarr
ows.meta.code.tex
File: pgflibraryarrows.meta.code.tex 2021/05/15 v3.1.9a (3.1.9a)
\pgfarrowinset=\dimen280
\pgfarrowlength=\dimen281
\pgfarrowwidth=\dimen282
\pgfarrowlinewidth=\dimen283
)
(/home/stevekeol/.miktex/texmfs/install/tex/generic/pgf/frontendlayer/tikz/libr
aries/tikzlibraryautomata.code.tex
File: tikzlibraryautomata.code.tex 2021/05/15 v3.1.9a (3.1.9a)

(/home/stevekeol/.miktex/texmfs/install/tex/generic/pgf/frontendlayer/tikz/libr
aries/tikzlibraryshapes.multipart.code.tex
File: tikzlibraryshapes.multipart.code.tex 2021/05/15 v3.1.9a (3.1.9a)

(/home/stevekeol/.miktex/texmfs/install/tex/generic/pgf/libraries/shapes/pgflib
raryshapes.multipart.code.tex
File: pgflibraryshapes.multipart.code.tex 2021/05/15 v3.1.9a (3.1.9a)
\pgfnodepartlowerbox=\box65
\pgfnodeparttwobox=\box66
\pgfnodepartthreebox=\box67
\pgfnodepartfourbox=\box68
\pgfnodeparttwentybox=\box69
\pgfnodepartnineteenbox=\box70
\pgfnodeparteighteenbox=\box71
\pgfnodepartseventeenbox=\box72
\pgfnodepartsixteenbox=\box73
\pgfnodepartfifteenbox=\box74
\pgfnodepartfourteenbox=\box75
\pgfnodepartthirteenbox=\box76
\pgfnodeparttwelvebox=\box77
\pgfnodepartelevenbox=\box78
\pgfnodeparttenbox=\box79
\pgfnodepartninebox=\box80
\pgfnodeparteightbox=\box81
\pgfnodepartsevenbox=\box82
\pgfnodepartsixbox=\box83
\pgfnodepartfivebox=\box84
)))
(/home/stevekeol/.miktex/texmfs/install/tex/generic/pgf/frontendlayer/tikz/libr
aries/tikzlibraryshadows.code.tex
File: tikzlibraryshadows.code.tex 2021/05/15 v3.1.9a (3.1.9a)

(/home/stevekeol/.miktex/texmfs/install/tex/generic/pgf/frontendlayer/tikz/libr
aries/tikzlibraryfadings.code.tex
File: tikzlibraryfadings.code.tex 2021/05/15 v3.1.9a (3.1.9a)

(/home/stevekeol/.miktex/texmfs/install/tex/generic/pgf/libraries/pgflibraryfad
ings.code.tex
File: pgflibraryfadings.code.tex 2021/05/15 v3.1.9a (3.1.9a)
)))
(/home/stevekeol/.miktex/texmfs/install/tex/generic/pgf/frontendlayer/tikz/libr
aries/tikzlibrarymindmap.code.tex
File: tikzlibrarymindmap.code.tex 2021/05/15 v3.1.9a (3.1.9a)

(/home/stevekeol/.miktex/texmfs/install/tex/generic/pgf/frontendlayer/tikz/libr
aries/tikzlibrarytrees.code.tex
File: tikzlibrarytrees.code.tex 2021/05/15 v3.1.9a (3.1.9a)
))
(/home/stevekeol/.miktex/texmfs/install/tex/latex/listings/listings.sty
\lst@mode=\count309
\lst@gtempboxa=\box85
\lst@token=\toks38
\lst@length=\count310
\lst@currlwidth=\dimen284
\lst@column=\count311
\lst@pos=\count312
\lst@lostspace=\dimen285
\lst@width=\dimen286
\lst@newlines=\count313
\lst@lineno=\count314
\lst@maxwidth=\dimen287

(/home/stevekeol/.miktex/texmfs/install/tex/latex/listings/lstmisc.sty
File: lstmisc.sty 2020/03/24 1.8d (Carsten Heinz)
\c@lstnumber=\count315
\lst@skipnumbers=\count316
\lst@framebox=\box86
)
(/home/stevekeol/.miktex/texmfs/install/tex/latex/listings/listings.cfg
File: listings.cfg 2020/03/24 1.8d listings configuration
))
Package: listings 2020/03/24 1.8d (Carsten Heinz)

(/home/stevekeol/.miktex/texmfs/install/tex/latex/algorithmicx/algpseudocode.st
y
Package: algpseudocode 
 (/home/stevekeol/.miktex/texmfs/install/tex/latex/base/ifthen.sty
Package: ifthen 2022/04/13 v1.1d Standard LaTeX ifthen package (DPC)
)
(/home/stevekeol/.miktex/texmfs/install/tex/latex/algorithmicx/algorithmicx.sty
Package: algorithmicx 2005/04/27 v1.2 Algorithmicx
Document Style algorithmicx 1.2 - a greatly improved `algorithmic' style
\c@ALG@line=\count317
\c@ALG@rem=\count318
\c@ALG@nested=\count319
\ALG@tlm=\skip60
\ALG@thistlm=\skip61
\c@ALG@Lnr=\count320
\c@ALG@blocknr=\count321
\c@ALG@storecount=\count322
\c@ALG@tmpcounter=\count323
\ALG@tmplength=\skip62
)
Document Style - pseudocode environments for use with the `algorithmicx' style
) (/home/stevekeol/.miktex/texmfs/install/tex/latex/algorithm2e/algorithm2e.sty
Package: algorithm2e 2017/07/18 v5.2 algorithms environments
\c@AlgoLine=\count324
\algocf@hangindent=\skip63
(/home/stevekeol/.miktex/texmfs/install/tex/latex/ifoddpage/ifoddpage.sty
Package: ifoddpage 2022/10/18 v1.2 Conditionals for odd/even page detection
\c@checkoddpage=\count325
)
(/home/stevekeol/.miktex/texmfs/install/tex/latex/relsize/relsize.sty
Package: relsize 2013/03/29 ver 4.1
)
\skiptotal=\skip64
\skiplinenumber=\skip65
\skiprule=\skip66
\skiphlne=\skip67
\skiptext=\skip68
\skiplength=\skip69
\algomargin=\skip70
\skipalgocfslide=\skip71
\algowidth=\dimen288
\inoutsize=\dimen289
\inoutindent=\dimen290
\interspacetitleruled=\dimen291
\interspacealgoruled=\dimen292
\interspacetitleboxruled=\dimen293
\algocf@ruledwidth=\skip72
\algocf@inoutbox=\box87
\algocf@inputbox=\box88
\AlCapSkip=\skip73
\AlCapHSkip=\skip74
\algoskipindent=\skip75
\algocf@nlbox=\box89
\algocf@hangingbox=\box90
\algocf@untilbox=\box91
\algocf@skipuntil=\skip76
\algocf@capbox=\box92
\algocf@lcaptionbox=\skip77
\algoheightruledefault=\skip78
\algoheightrule=\skip79
\algotitleheightruledefault=\skip80
\algotitleheightrule=\skip81
\c@algocfline=\count326
\c@algocfproc=\count327
\c@algocf=\count328
\algocf@algoframe=\box93
\algocf@algobox=\box94
)
\c@property=\count329

(setup.tex)
(/home/stevekeol/.miktex/texmfs/install/tex/latex/l3backend/l3backend-pdftex.de
f
File: l3backend-pdftex.def 2022-09-28 L3 backend support: PDF output (pdfTeX)
\l__color_backend_stack_int=\count330
\l__pdf_internal_box=\box95
) (lbft-verification.aux)
\openout1 = `lbft-verification.aux'.

LaTeX Font Info:    Checking defaults for OML/cmm/m/it on input line 72.
LaTeX Font Info:    ... okay on input line 72.
LaTeX Font Info:    Checking defaults for OMS/cmsy/m/n on input line 72.
LaTeX Font Info:    ... okay on input line 72.
LaTeX Font Info:    Checking defaults for OT1/cmr/m/n on input line 72.
LaTeX Font Info:    ... okay on input line 72.
LaTeX Font Info:    Checking defaults for T1/cmr/m/n on input line 72.
LaTeX Font Info:    ... okay on input line 72.
LaTeX Font Info:    Checking defaults for TS1/cmr/m/n on input line 72.
LaTeX Font Info:    ... okay on input line 72.
LaTeX Font Info:    Checking defaults for OMX/cmex/m/n on input line 72.
LaTeX Font Info:    ... okay on input line 72.
LaTeX Font Info:    Checking defaults for U/cmr/m/n on input line 72.
LaTeX Font Info:    ... okay on input line 72.
Package caption Info: Begin \AtBeginDocument code.
Package caption Info: listings package is loaded.
Package caption Info: End \AtBeginDocument code.

(/home/stevekeol/.miktex/texmfs/install/tex/context/base/mkii/supp-pdf.mkii
[Loading MPS to PDF converter (version 2006.09.02).]
\scratchcounter=\count331
\scratchdimen=\dimen294
\scratchbox=\box96
\nofMPsegments=\count332
\nofMParguments=\count333
\everyMPshowfont=\toks39
\MPscratchCnt=\count334
\MPscratchDim=\dimen295
\MPnumerator=\count335
\makeMPintoPDFobject=\count336
\everyMPtoPDFconversion=\toks40
)
(/home/stevekeol/.miktex/texmfs/install/tex/latex/epstopdf-pkg/epstopdf-base.st
y
Package: epstopdf-base 2020-01-24 v2.11 Base part for package epstopdf
Package epstopdf-base Info: Redefining graphics rule for `.eps' on input line 4
85.
 (/home/stevekeol/.miktex/texmfs/install/tex/latex/00miktex/epstopdf-sys.cfg
File: epstopdf-sys.cfg 2021/03/18 v2.0 Configuration of epstopdf for MiKTeX
))

LaTeX Font Warning: Font shape `OT1/cmtt/m/scsl' undefined
(Font)              using `OT1/cmtt/m/sc' instead on input line 72.


LaTeX Font Warning: Font shape `OT1/cmtt/b/n' undefined
(Font)              using `OT1/cmtt/m/n' instead on input line 72.


LaTeX Font Warning: Font shape `OT1/cmtt/b/it' undefined
(Font)              using `OT1/cmtt/b/n' instead on input line 72.


LaTeX Font Warning: Font shape `OT1/cmtt/b/sl' undefined
(Font)              using `OT1/cmtt/b/it' instead on input line 72.


LaTeX Font Warning: Font shape `OT1/cmtt/b/scit' undefined
(Font)              using `OT1/cmtt/b/sc' instead on input line 72.


LaTeX Font Warning: Font shape `OT1/cmtt/b/sc' undefined
(Font)              using `OT1/cmtt/b/n' instead on input line 72.

LaTeX Font Info:    Font shape `OT1/cmtt/bx/n' in size <10> not available
(Font)              Font shape `OT1/cmtt/m/n' tried instead on input line 72.
LaTeX Font Info:    Font shape `OT1/cmtt/bx/it' in size <10> not available
(Font)              Font shape `OT1/cmtt/m/it' tried instead on input line 72.
LaTeX Font Info:    Font shape `OT1/cmtt/bx/sl' in size <10> not available
(Font)              Font shape `OT1/cmtt/m/n' tried instead on input line 72.

LaTeX Font Warning: Font shape `OT1/cmtt/bx/scsl' undefined
(Font)              using `OT1/cmtt/bx/sc' instead on input line 72.


LaTeX Font Warning: Font shape `OT1/cmtt/bx/sc' undefined
(Font)              using `OT1/cmtt/bx/n' instead on input line 72.


LaTeX Font Warning: Font shape `OT1/cmtt/sbx/sc' undefined
(Font)              using `OT1/cmtt/sb/sc' instead on input line 72.


LaTeX Font Warning: Font shape `OT1/cmtt/sb/n' undefined
(Font)              using `OT1/cmtt/m/n' instead on input line 72.


LaTeX Font Warning: Font shape `OT1/cmtt/sb/it' undefined
(Font)              using `OT1/cmtt/sb/n' instead on input line 72.


LaTeX Font Warning: Font shape `OT1/cmtt/sb/sl' undefined
(Font)              using `OT1/cmtt/sb/it' instead on input line 72.


LaTeX Font Warning: Font shape `OT1/cmtt/sb/scit' undefined
(Font)              using `OT1/cmtt/sb/sc' instead on input line 72.


LaTeX Font Warning: Font shape `OT1/cmtt/sb/sc' undefined
(Font)              using `OT1/cmtt/sb/n' instead on input line 72.


LaTeX Font Warning: Font shape `OT1/cmtt/sbc/sc' undefined
(Font)              using `OT1/cmtt/c/sc' instead on input line 72.


LaTeX Font Warning: Font shape `OT1/cmtt/c/n' undefined
(Font)              using `OT1/cmtt/m/n' instead on input line 72.


LaTeX Font Warning: Font shape `OT1/cmtt/c/it' undefined
(Font)              using `OT1/cmtt/c/n' instead on input line 72.


LaTeX Font Warning: Font shape `OT1/cmtt/c/sl' undefined
(Font)              using `OT1/cmtt/c/it' instead on input line 72.


LaTeX Font Warning: Font shape `OT1/cmtt/c/scit' undefined
(Font)              using `OT1/cmtt/c/sc' instead on input line 72.


LaTeX Font Warning: Font shape `OT1/cmtt/c/sc' undefined
(Font)              using `OT1/cmtt/c/n' instead on input line 72.


LaTeX Font Warning: Font shape `OT1/cmtt/lc/sc' undefined
(Font)              using `OT1/cmtt/l/sc' instead on input line 72.


LaTeX Font Warning: Font shape `OT1/cmtt/l/n' undefined
(Font)              using `OT1/cmtt/m/n' instead on input line 72.


LaTeX Font Warning: Font shape `OT1/cmtt/l/it' undefined
(Font)              using `OT1/cmtt/l/n' instead on input line 72.


LaTeX Font Warning: Font shape `OT1/cmtt/l/sl' undefined
(Font)              using `OT1/cmtt/l/it' instead on input line 72.


LaTeX Font Warning: Font shape `OT1/cmtt/l/scit' undefined
(Font)              using `OT1/cmtt/l/sc' instead on input line 72.


LaTeX Font Warning: Font shape `OT1/cmtt/l/sc' undefined
(Font)              using `OT1/cmtt/l/n' instead on input line 72.

LaTeX Font Info:    Font shape `OT1/cmtt/m/ui' in size <10> not available
(Font)              Font shape `OT1/cmtt/m/it' tried instead on input line 72.
LaTeX Font Info:    Font shape `OT1/cmtt/bx/ui' in size <10> not available
(Font)              Font shape `OT1/cmtt/m/it' tried instead on input line 72.

LaTeX Font Warning: Font shape `OT1/cmtt/m/In' undefined
(Font)              using `OT1/cmtt/m/n' instead on input line 72.

Package pgfplots notification 'compat/show suggested version=true': you might b
enefit from \pgfplotsset{compat=1.18} (current compat level: 1.9).

\c@lstlisting=\count337
(/home/stevekeol/.miktex/texmfs/install/tex/latex/listings/lstlang1.sty
File: lstlang1.sty 2020/03/24 1.8d listings language file
)
(/home/stevekeol/.miktex/texmfs/install/tex/latex/listings/lstlang2.sty
File: lstlang2.sty 2020/03/24 1.8d listings language file
)
(/home/stevekeol/.miktex/texmfs/install/tex/latex/listings/lstlang3.sty
File: lstlang3.sty 2020/03/24 1.8d listings language file
)

! Package Listings Error: Couldn't load requested language.

See the Listings package documentation for explanation.
Type  H <return>  for immediate help.
 ...                                              
                                                  
l.83 ...ting}[language=Rust, caption=Rust example]
                                                  
The following languages weren't loadable:
    ,rust$
This may cause errors in the sequel.


! Package Listings Error: language rust undefined.

See the Listings package documentation for explanation.
Type  H <return>  for immediate help.
 ...                                              
                                                  
l.83 ...ting}[language=Rust, caption=Rust example]
                                                  
The language is not loadable. Try typing  <return>  to proceed.
If that doesn't work, type  X <return>  to quit.

LaTeX Font Info:    Trying to load font information for U+msa on input line 107
.
(/home/stevekeol/.miktex/texmfs/install/tex/latex/amsfonts/umsa.fd
File: umsa.fd 2013/01/14 v3.01 AMS symbols A
)
LaTeX Font Info:    Trying to load font information for U+msb on input line 107
.

(/home/stevekeol/.miktex/texmfs/install/tex/latex/amsfonts/umsb.fd
File: umsb.fd 2013/01/14 v3.01 AMS symbols B
)
\openout3 = `lbft-verification.auxlock'.


===== 'mode=convert with system call': Invoking 'pdflatex -halt-on-error -inter
action=batchmode -jobname "lbft-verification-figure0" "\def\tikzexternalrealjob
{lbft-verification}\input{lbft-verification}"' ========
runsystem(pdflatex -halt-on-error -interaction=batchmode -jobname "lbft-verific
ation-figure0" "\def\tikzexternalrealjob{lbft-verification}\input{lbft-verifica
tion}")...disabled (restricted).

\openout3 = `lbft-verification.auxlock'.


! Package tikz Error: Sorry, the system call 'pdflatex -halt-on-error -interact
ion=batchmode -jobname "lbft-verification-figure0" "\def\tikzexternalrealjob{lb
ft-verification}\input{lbft-verification}"' did NOT result in a usable output f
ile 'lbft-verification-figure0' (expected one of .pdf:.jpg:.jpeg:.png:). Please
 verify that you have enabled system calls. For pdflatex, this is 'pdflatex -sh
ell-escape'. Sometimes it is also named 'write 18' or something like that. Or m
aybe the command simply failed? Error messages can be found in 'lbft-verificati
on-figure0.log'. If you continue now, I'll try to typeset the picture.

See the tikz package documentation for explanation.
Type  H <return>  for immediate help.
 ...                                              
                                                  
l.133 \end{tikzpicture}
                       
This error message was generated by an \errmessage
command, so I can't give any explicit help.
Pretend that you're Hercule Poirot: Examine all clues,
and deduce the truth by order and method.

\openout3 = `lbft-verification.auxlock'.

===== 'mode=convert with system call': Invoking 'pdflatex -halt-on-error -inter
action=batchmode -jobname "lbft-verification-figure1" "\def\tikzexternalrealjob
{lbft-verification}\input{lbft-verification}"' ========
runsystem(pdflatex -halt-on-error -interaction=batchmode -jobname "lbft-verific
ation-figure1" "\def\tikzexternalrealjob{lbft-verification}\input{lbft-verifica
tion}")...disabled (restricted).

\openout3 = `lbft-verification.auxlock'.


! Package tikz Error: Sorry, the system call 'pdflatex -halt-on-error -interact
ion=batchmode -jobname "lbft-verification-figure1" "\def\tikzexternalrealjob{lb
ft-verification}\input{lbft-verification}"' did NOT result in a usable output f
ile 'lbft-verification-figure1' (expected one of .pdf:.jpg:.jpeg:.png:). Please
 verify that you have enabled system calls. For pdflatex, this is 'pdflatex -sh
ell-escape'. Sometimes it is also named 'write 18' or something like that. Or m
aybe the command simply failed? Error messages can be found in 'lbft-verificati
on-figure1.log'. If you continue now, I'll try to typeset the picture.

See the tikz package documentation for explanation.
Type  H <return>  for immediate help.
 ...                                              
                                                  
l.140 \end{tikzpicture}
                       
(That was another \errmessage.)

\openout3 = `lbft-verification.auxlock'.

===== 'mode=convert with system call': Invoking 'pdflatex -halt-on-error -inter
action=batchmode -jobname "lbft-verification-figure2" "\def\tikzexternalrealjob
{lbft-verification}\input{lbft-verification}"' ========
runsystem(pdflatex -halt-on-error -interaction=batchmode -jobname "lbft-verific
ation-figure2" "\def\tikzexternalrealjob{lbft-verification}\input{lbft-verifica
tion}")...disabled (restricted).

\openout3 = `lbft-verification.auxlock'.


! Package tikz Error: Sorry, the system call 'pdflatex -halt-on-error -interact
ion=batchmode -jobname "lbft-verification-figure2" "\def\tikzexternalrealjob{lb
ft-verification}\input{lbft-verification}"' did NOT result in a usable output f
ile 'lbft-verification-figure2' (expected one of .pdf:.jpg:.jpeg:.png:). Please
 verify that you have enabled system calls. For pdflatex, this is 'pdflatex -sh
ell-escape'. Sometimes it is also named 'write 18' or something like that. Or m
aybe the command simply failed? Error messages can be found in 'lbft-verificati
on-figure2.log'. If you continue now, I'll try to typeset the picture.

See the tikz package documentation for explanation.
Type  H <return>  for immediate help.
 ...                                              
                                                  
l.151 \end{tikzpicture}
                       
(That was another \errmessage.)

[1

{/home/stevekeol/.miktex/texmfs/data/fonts/map/pdftex/pdftex.map}]
\openout3 = `lbft-verification.auxlock'.


===== 'mode=convert with system call': Invoking 'pdflatex -halt-on-error -inter
action=batchmode -jobname "lbft-verification-figure3" "\def\tikzexternalrealjob
{lbft-verification}\input{lbft-verification}"' ========
runsystem(pdflatex -halt-on-error -interaction=batchmode -jobname "lbft-verific
ation-figure3" "\def\tikzexternalrealjob{lbft-verification}\input{lbft-verifica
tion}")...disabled (restricted).

\openout3 = `lbft-verification.auxlock'.


! Package tikz Error: Sorry, the system call 'pdflatex -halt-on-error -interact
ion=batchmode -jobname "lbft-verification-figure3" "\def\tikzexternalrealjob{lb
ft-verification}\input{lbft-verification}"' did NOT result in a usable output f
ile 'lbft-verification-figure3' (expected one of .pdf:.jpg:.jpeg:.png:). Please
 verify that you have enabled system calls. For pdflatex, this is 'pdflatex -sh
ell-escape'. Sometimes it is also named 'write 18' or something like that. Or m
aybe the command simply failed? Error messages can be found in 'lbft-verificati
on-figure3.log'. If you continue now, I'll try to typeset the picture.

See the tikz package documentation for explanation.
Type  H <return>  for immediate help.
 ...                                              
                                                  
l.178 \end{tikzpicture}
                       
(That was another \errmessage.)

\openout3 = `lbft-verification.auxlock'.

===== 'mode=convert with system call': Invoking 'pdflatex -halt-on-error -inter
action=batchmode -jobname "lbft-verification-figure4" "\def\tikzexternalrealjob
{lbft-verification}\input{lbft-verification}"' ========
runsystem(pdflatex -halt-on-error -interaction=batchmode -jobname "lbft-verific
ation-figure4" "\def\tikzexternalrealjob{lbft-verification}\input{lbft-verifica
tion}")...disabled (restricted).

\openout3 = `lbft-verification.auxlock'.


! Package tikz Error: Sorry, the system call 'pdflatex -halt-on-error -interact
ion=batchmode -jobname "lbft-verification-figure4" "\def\tikzexternalrealjob{lb
ft-verification}\input{lbft-verification}"' did NOT result in a usable output f
ile 'lbft-verification-figure4' (expected one of .pdf:.jpg:.jpeg:.png:). Please
 verify that you have enabled system calls. For pdflatex, this is 'pdflatex -sh
ell-escape'. Sometimes it is also named 'write 18' or something like that. Or m
aybe the command simply failed? Error messages can be found in 'lbft-verificati
on-figure4.log'. If you continue now, I'll try to typeset the picture.

See the tikz package documentation for explanation.
Type  H <return>  for immediate help.
 ...                                              
                                                  
l.194 \end{tikzpicture}
                       
(That was another \errmessage.)

\openout3 = `lbft-verification.auxlock'.

===== 'mode=convert with system call': Invoking 'pdflatex -halt-on-error -inter
action=batchmode -jobname "lbft-verification-figure5" "\def\tikzexternalrealjob
{lbft-verification}\input{lbft-verification}"' ========
runsystem(pdflatex -halt-on-error -interaction=batchmode -jobname "lbft-verific
ation-figure5" "\def\tikzexternalrealjob{lbft-verification}\input{lbft-verifica
tion}")...disabled (restricted).

\openout3 = `lbft-verification.auxlock'.


! Package tikz Error: Sorry, the system call 'pdflatex -halt-on-error -interact
ion=batchmode -jobname "lbft-verification-figure5" "\def\tikzexternalrealjob{lb
ft-verification}\input{lbft-verification}"' did NOT result in a usable output f
ile 'lbft-verification-figure5' (expected one of .pdf:.jpg:.jpeg:.png:). Please
 verify that you have enabled system calls. For pdflatex, this is 'pdflatex -sh
ell-escape'. Sometimes it is also named 'write 18' or something like that. Or m
aybe the command simply failed? Error messages can be found in 'lbft-verificati
on-figure5.log'. If you continue now, I'll try to typeset the picture.

See the tikz package documentation for explanation.
Type  H <return>  for immediate help.
 ...                                              
                                                  
l.211 \end{tikzpicture}
                       
(That was another \errmessage.)

[2]
\openout3 = `lbft-verification.auxlock'.


===== 'mode=convert with system call': Invoking 'pdflatex -halt-on-error -inter
action=batchmode -jobname "lbft-verification-figure6" "\def\tikzexternalrealjob
{lbft-verification}\input{lbft-verification}"' ========
runsystem(pdflatex -halt-on-error -interaction=batchmode -jobname "lbft-verific
ation-figure6" "\def\tikzexternalrealjob{lbft-verification}\input{lbft-verifica
tion}")...disabled (restricted).

\openout3 = `lbft-verification.auxlock'.


! Package tikz Error: Sorry, the system call 'pdflatex -halt-on-error -interact
ion=batchmode -jobname "lbft-verification-figure6" "\def\tikzexternalrealjob{lb
ft-verification}\input{lbft-verification}"' did NOT result in a usable output f
ile 'lbft-verification-figure6' (expected one of .pdf:.jpg:.jpeg:.png:). Please
 verify that you have enabled system calls. For pdflatex, this is 'pdflatex -sh
ell-escape'. Sometimes it is also named 'write 18' or something like that. Or m
aybe the command simply failed? Error messages can be found in 'lbft-verificati
on-figure6.log'. If you continue now, I'll try to typeset the picture.

See the tikz package documentation for explanation.
Type  H <return>  for immediate help.
 ...                                              
                                                  
l.241 \end{tikzpicture}
                       
(That was another \errmessage.)

\openout3 = `lbft-verification.auxlock'.

===== 'mode=convert with system call': Invoking 'pdflatex -halt-on-error -inter
action=batchmode -jobname "lbft-verification-figure7" "\def\tikzexternalrealjob
{lbft-verification}\input{lbft-verification}"' ========
runsystem(pdflatex -halt-on-error -interaction=batchmode -jobname "lbft-verific
ation-figure7" "\def\tikzexternalrealjob{lbft-verification}\input{lbft-verifica
tion}")...disabled (restricted).

\openout3 = `lbft-verification.auxlock'.


! Package tikz Error: Sorry, the system call 'pdflatex -halt-on-error -interact
ion=batchmode -jobname "lbft-verification-figure7" "\def\tikzexternalrealjob{lb
ft-verification}\input{lbft-verification}"' did NOT result in a usable output f
ile 'lbft-verification-figure7' (expected one of .pdf:.jpg:.jpeg:.png:). Please
 verify that you have enabled system calls. For pdflatex, this is 'pdflatex -sh
ell-escape'. Sometimes it is also named 'write 18' or something like that. Or m
aybe the command simply failed? Error messages can be found in 'lbft-verificati
on-figure7.log'. If you continue now, I'll try to typeset the picture.

See the tikz package documentation for explanation.
Type  H <return>  for immediate help.
 ...                                              
                                                  
l.267 \end{tikzpicture}
                       
(That was another \errmessage.)

[3]
<figures/verification-actors.pdf, id=59, 761.58557pt x 274.47682pt>
File: figures/verification-actors.pdf Graphic file (type pdf)
<use figures/verification-actors.pdf>
Package pdftex.def Info: figures/verification-actors.pdf  used on input line 27
6.
(pdftex.def)             Requested size: 469.75502pt x 169.30272pt.

Overfull \hbox (98.5635pt too wide) in paragraph at lines 282--283
[]\OT1/cmr/bx/n/10 Clients \OT1/cmr/m/n/10 learn about the state of the blockch
ain via the \OT1/cmtt/l/it/10 UpdateToLatestLedgerRequest \OT1/cmr/m/n/10 and \
OT1/cmtt/l/it/10 UpdateToLatestLedgerResponse
 []

[4 <./figures/verification-actors.pdf>]
<figures/ledger-store.pdf, id=89, 697.77307pt x 195.8809pt>
File: figures/ledger-store.pdf Graphic file (type pdf)
<use figures/ledger-store.pdf>
Package pdftex.def Info: figures/ledger-store.pdf  used on input line 292.
(pdftex.def)             Requested size: 469.75502pt x 131.87315pt.

Overfull \hbox (2.96552pt too wide) in paragraph at lines 299--300
[]\OT1/cmr/m/n/10 The \OT1/cmtt/l/it/10 EpochChangeProof \OT1/cmr/m/n/10 chain 
is included in the \OT1/cmtt/l/it/10 UpdateToLatestLedgerResponse\OT1/cmr/m/n/1
0 , hence every participant
 []

[5 <./figures/ledger-store.pdf>]
<figures/state-sync-epochs-1.pdf, id=125, 351.68385pt x 278.86594pt>
File: figures/state-sync-epochs-1.pdf Graphic file (type pdf)
<use figures/state-sync-epochs-1.pdf>
Package pdftex.def Info: figures/state-sync-epochs-1.pdf  used on input line 31
1.
(pdftex.def)             Requested size: 222.7533pt x 176.62901pt.

Overfull \hbox (1.96786pt too wide) in paragraph at lines 311--312
 [][] 
 []

<figures/state-sync-epochs-2.pdf, id=126, 354.8497pt x 276.74805pt>
File: figures/state-sync-epochs-2.pdf Graphic file (type pdf)
<use figures/state-sync-epochs-2.pdf>
Package pdftex.def Info: figures/state-sync-epochs-2.pdf  used on input line 31
7.
(pdftex.def)             Requested size: 226.48576pt x 176.62901pt.

Overfull \hbox (5.70033pt too wide) in paragraph at lines 317--318
 [][] 
 []

[6 <./figures/state-sync-epochs-1.pdf> <./figures/state-sync-epochs-2.pdf>]

LaTeX Warning: Reference `waypoint-emergency' on page 7 undefined on input line
 350.

<figures/waypoint-verification.pdf, id=189, 645.60472pt x 257.9824pt>
File: figures/waypoint-verification.pdf Graphic file (type pdf)
<use figures/waypoint-verification.pdf>
Package pdftex.def Info: figures/waypoint-verification.pdf  used on input line 
384.
(pdftex.def)             Requested size: 469.75502pt x 187.71542pt.
[7]
<figures/state-sync-waypoint.pdf, id=194, 609.28937pt x 309.3689pt>
File: figures/state-sync-waypoint.pdf Graphic file (type pdf)
<use figures/state-sync-waypoint.pdf>
Package pdftex.def Info: figures/state-sync-waypoint.pdf  used on input line 40
9.
(pdftex.def)             Requested size: 469.75502pt x 238.52162pt.

Overfull \hbox (1.01312pt too wide) in paragraph at lines 416--417
[]\OT1/cmr/m/n/10 Each chunk response carries a \OT1/cmtt/l/it/10 LedgerInfo \O
T1/cmr/m/n/10 determined by the target waypoint version. This \OT1/cmtt/l/it/10
 LedgerInfo
 []

[8 <./figures/waypoint-verification.pdf>]
Overfull \hbox (8.30139pt too wide) in paragraph at lines 429--430
[]\OT1/cmr/m/n/10 State Synchronizer retrieves all the committed information up
 to the waypoint, as described in Section 3.4[],
 []

No file lbft-verification.bbl.
[9 <./figures/state-sync-waypoint.pdf>] (lbft-verification.aux)

LaTeX Font Warning: Some font shapes were not available, defaults substituted.


LaTeX Warning: There were undefined references.

 ) 
Here is how much of TeX's memory you used:
 31050 strings out of 477321
 773881 string characters out of 2828336
 2688429 words of memory out of 3000000
 51676 multiletter control sequences out of 15000+600000
 475541 words of font info for 54 fonts, out of 8000000 for 9000
 0 hyphenation exceptions out of 8191
 99i,18n,94p,1103b,2591s stack positions out of 10000i,1000n,20000p,200000b,80000s
 </home/stevekeol/.miktex/texmfs/data/fonts/pk/ljfour/jknappen/ec/dpi600/tcrm
1000.pk></home/stevekeol/.miktex/texmfs/install/fonts/type1/public/amsfonts/cm/
cmbx10.pfb></home/stevekeol/.miktex/texmfs/install/fonts/type1/public/amsfonts/
cm/cmbx12.pfb></home/stevekeol/.miktex/texmfs/install/fonts/type1/public/amsfon
ts/cm/cmbx9.pfb></home/stevekeol/.miktex/texmfs/install/fonts/type1/public/amsf
onts/cm/cmmi10.pfb></home/stevekeol/.miktex/texmfs/install/fonts/type1/public/a
msfonts/cm/cmmi7.pfb></home/stevekeol/.miktex/texmfs/install/fonts/type1/public
/amsfonts/cm/cmr10.pfb></home/stevekeol/.miktex/texmfs/install/fonts/type1/publ
ic/amsfonts/cm/cmr12.pfb></home/stevekeol/.miktex/texmfs/install/fonts/type1/pu
blic/amsfonts/cm/cmr17.pfb></home/stevekeol/.miktex/texmfs/install/fonts/type1/
public/amsfonts/cm/cmr5.pfb></home/stevekeol/.miktex/texmfs/install/fonts/type1
/public/amsfonts/cm/cmr7.pfb></home/stevekeol/.miktex/texmfs/install/fonts/type
1/public/amsfonts/cm/cmr8.pfb></home/stevekeol/.miktex/texmfs/install/fonts/typ
e1/public/amsfonts/cm/cmr9.pfb></home/stevekeol/.miktex/texmfs/install/fonts/ty
pe1/public/amsfonts/cm/cmsy10.pfb></home/stevekeol/.miktex/texmfs/install/fonts
/type1/public/amsfonts/cm/cmti10.pfb></home/stevekeol/.miktex/texmfs/install/fo
nts/type1/public/amsfonts/cm/cmtt10.pfb></home/stevekeol/.miktex/texmfs/install
/fonts/type1/public/amsfonts/cm/cmtt8.pfb>
Output written on lbft-verification.pdf (9 pages, 643004 bytes).
PDF statistics:
 329 PDF objects out of 1000 (max. 8388607)
 0 named destinations out of 1000 (max. 500000)
 169 words of extra memory for PDF output out of 10000 (max. 10000000)

